<?xml version="1.0" encoding="UTF-8"?>
<!-- Generated by org.testng.reporters.JUnitReportReporter -->
<testsuite skipped="0" hostname="mahbub-VirtualBox" name="com.tt.testRunner.TestRunner" tests="1" failures="0" timestamp="18 Apr 2019 04:54:45 GMT" time="31.040" errors="0">
  <testcase name="feature" time="31.040" classname="com.tt.testRunner.TestRunner"/>
</testsuite> <!-- com.tt.testRunner.TestRunner -->
