<?xml version="1.0" encoding="UTF-8"?>
<!-- Generated by org.testng.reporters.JUnitReportReporter -->
<testsuite skipped="0" hostname="mahbub-VirtualBox" name="com.tt.steps.NumberOfLinks" tests="1" failures="0" timestamp="10 May 2019 06:04:33 GMT" time="30.126" errors="0">
  <testcase name="Total_Links" time="30.126" classname="com.tt.steps.NumberOfLinks"/>
</testsuite> <!-- com.tt.steps.NumberOfLinks -->
