<?xml version="1.0" encoding="UTF-8"?>
<!-- Generated by org.testng.reporters.JUnitReportReporter -->
<testsuite skipped="0" hostname="mahbub-VirtualBox" name="com.tt.steps.ScrollPage" tests="1" failures="0" timestamp="18 Apr 2019 05:45:34 GMT" time="20.728" errors="0">
  <testcase name="scrollDown" time="20.728" classname="com.tt.steps.ScrollPage"/>
</testsuite> <!-- com.tt.steps.ScrollPage -->
