<?xml version="1.0" encoding="UTF-8"?>
<!-- Generated by org.testng.reporters.JUnitReportReporter -->
<testsuite skipped="0" hostname="mahbub-VirtualBox" name="com.tt.steps.AlertHandle" tests="1" failures="0" timestamp="11 Apr 2019 06:42:48 GMT" time="17.066" errors="0">
  <testcase name="i_am_at_rediff_login_page" time="17.066" classname="com.tt.steps.AlertHandle"/>
</testsuite> <!-- com.tt.steps.AlertHandle -->
