<?xml version="1.0" encoding="UTF-8"?>
<!-- Generated by org.testng.reporters.JUnitReportReporter -->
<testsuite skipped="0" hostname="mahbub-VirtualBox" name="com.tt.steps.DropDownHandle" tests="1" failures="0" timestamp="18 Apr 2019 06:09:19 GMT" time="16.708" errors="0">
  <testcase name="dropDown" time="16.708" classname="com.tt.steps.DropDownHandle"/>
</testsuite> <!-- com.tt.steps.DropDownHandle -->
