<?xml version="1.0" encoding="UTF-8"?>
<!-- Generated by org.testng.reporters.JUnitReportReporter -->
<testsuite skipped="0" hostname="mahbub-VirtualBox" name="com.tt.steps.MultipleWindowsHandle" tests="1" failures="0" timestamp="11 Apr 2019 06:30:39 GMT" time="41.022" errors="0">
  <testcase name="windowsHandle" time="41.022" classname="com.tt.steps.MultipleWindowsHandle"/>
</testsuite> <!-- com.tt.steps.MultipleWindowsHandle -->
