<?xml version="1.0" encoding="UTF-8"?>
<!-- Generated by org.testng.reporters.JUnitReportReporter -->
<testsuite skipped="0" hostname="mahbub-VirtualBox" name="com.tt.steps.ScreenShot" tests="1" failures="0" timestamp="18 Apr 2019 04:51:45 GMT" time="26.421" errors="0">
  <testcase name="takePhoto" time="26.421" classname="com.tt.steps.ScreenShot"/>
</testsuite> <!-- com.tt.steps.ScreenShot -->
