<?xml version="1.0" encoding="UTF-8"?>
<!-- Generated by org.testng.reporters.JUnitReportReporter -->
<testsuite skipped="0" hostname="mahbub-VirtualBox" name="com.fb.login.Login_setData" tests="1" failures="0" timestamp="12 May 2019 05:56:59 GMT" time="16.094" errors="0">
  <testcase name="scenario_outline" time="16.094" classname="com.fb.login.Login_setData"/>
</testsuite> <!-- com.fb.login.Login_setData -->
