<?xml version="1.0" encoding="UTF-8"?>
<!-- Generated by org.testng.reporters.JUnitReportReporter -->
<testsuite skipped="0" hostname="mahbub-VirtualBox" name="com.tt.steps.MouseHover" tests="1" failures="0" timestamp="12 May 2019 06:19:33 GMT" time="11.586" errors="0">
  <testcase name="hover" time="11.586" classname="com.tt.steps.MouseHover"/>
</testsuite> <!-- com.tt.steps.MouseHover -->
