<?xml version="1.0" encoding="UTF-8"?>
<!-- Generated by org.testng.reporters.JUnitReportReporter -->
<testsuite skipped="0" hostname="mahbub-VirtualBox" name="com.tt.testRunner.TestRunner" tests="3" failures="0" timestamp="12 May 2019 06:33:37 GMT" time="0.063" errors="0">
  <testcase name="feature" time="0.016" classname="com.tt.testRunner.TestRunner"/>
  <testcase name="feature" time="0.037" classname="com.tt.testRunner.TestRunner"/>
  <testcase name="feature" time="0.010" classname="com.tt.testRunner.TestRunner"/>
</testsuite> <!-- com.tt.testRunner.TestRunner -->
