<?xml version="1.0" encoding="UTF-8"?>
<!-- Generated by org.testng.reporters.JUnitReportReporter -->
<testsuite skipped="0" hostname="mahbub-VirtualBox" name="com.tt.steps.ScreenShoot" tests="1" failures="0" timestamp="12 Apr 2019 18:57:37 GMT" time="15.876" errors="0">
  <testcase name="takeSshot" time="15.876" classname="com.tt.steps.ScreenShoot"/>
</testsuite> <!-- com.tt.steps.ScreenShoot -->
