<?xml version="1.0" encoding="UTF-8"?>
<!-- Generated by org.testng.reporters.JUnitReportReporter -->
<testsuite skipped="0" hostname="mahbub-VirtualBox" name="com.tt.steps.NumberOfLinks" tests="1" failures="0" timestamp="23 Apr 2019 00:24:59 GMT" time="17.924" errors="0">
  <testcase name="Total_Links" time="17.924" classname="com.tt.steps.NumberOfLinks"/>
</testsuite> <!-- com.tt.steps.NumberOfLinks -->
