<?xml version="1.0" encoding="UTF-8"?>
<!-- Generated by org.testng.reporters.JUnitReportReporter -->
<testsuite skipped="0" hostname="mahbub-VirtualBox" name="com.tt.steps.HighlightAnObject" tests="1" failures="0" timestamp="21 Apr 2019 06:47:52 GMT" time="20.926" errors="0">
  <testcase name="Highlight_Object" time="20.926" classname="com.tt.steps.HighlightAnObject"/>
</testsuite> <!-- com.tt.steps.HighlightAnObject -->
