<?xml version="1.0" encoding="UTF-8"?>
<!-- Generated by org.testng.reporters.JUnitReportReporter -->
<testsuite skipped="0" hostname="mahbub-VirtualBox" name="com.tt.steps.DragAndDrop" tests="1" failures="0" timestamp="20 Apr 2019 17:57:22 GMT" time="12.482" errors="0">
  <testcase name="DragDrop" time="12.482" classname="com.tt.steps.DragAndDrop"/>
</testsuite> <!-- com.tt.steps.DragAndDrop -->
