<?xml version="1.0" encoding="UTF-8"?>
<!-- Generated by org.testng.reporters.JUnitReportReporter -->
<testsuite skipped="0" hostname="mahbub-VirtualBox" name="com.tt.testRunner.TestRunner" tests="1" failures="0" timestamp="27 Mar 2019 04:00:40 GMT" time="0.018" errors="0">
  <testcase name="feature" time="0.018" classname="com.tt.testRunner.TestRunner"/>
</testsuite> <!-- com.tt.testRunner.TestRunner -->
